D:\Soft\Visual Studio\MSBuild\Microsoft\VC\v170\Microsoft.CppBuild.targets(531,5): warning MSB8028: промежуточный каталог (Debug\) содержит файлы, которые используются совместно с другим проектом (TDS-2022.vcxproj).  Это может привести к ошибкам очистки и перестроения.
  CodeGeneration.cpp
D:\BSTU\Projects\KNP-2024\KNP-2024\CodeGeneration.cpp(35,16): warning C4101: func: неиспользованная локальная переменная
D:\BSTU\Projects\KNP-2024\KNP-2024\CodeGeneration.cpp(738,14): warning C4129: "e": нераспознанная escape-последовательность символов
  FST.cpp
D:\BSTU\Projects\KNP-2024\KNP-2024\FST.cpp(113,16): warning C4267: инициализация: преобразование из "size_t" в "short"; возможна потеря данных
  IT.cpp
D:\BSTU\Projects\KNP-2024\KNP-2024\IT.cpp(52,22): warning C4018: <: несоответствие типов со знаком и без знака
D:\BSTU\Projects\KNP-2024\KNP-2024\IT.cpp(167,22): warning C4018: <: несоответствие типов со знаком и без знака
  In.cpp
D:\BSTU\Projects\KNP-2024\KNP-2024\In.cpp(22,13): warning C4244: инициализация: преобразование "std::streamoff" в "int", возможна потеря данных
  KNP-2024.cpp
  LexAnalyzer.cpp
D:\BSTU\Projects\KNP-2024\KNP-2024\LexAnalyzer.cpp(602,26): warning C4018: <: несоответствие типов со знаком и без знака
  Log.cpp
  MFST.cpp
  PolishNotation.cpp
D:\BSTU\Projects\KNP-2024\KNP-2024\PolishNotation.cpp(77,24): warning C4018: <: несоответствие типов со знаком и без знака
  Semantic.cpp
  Создание кода...
  KNP-2024.vcxproj -> D:\BSTU\Projects\KNP-2024\Debug\KNP-2024.exe
