e:\курсачкпо\tds-2022\tds-2022\debug\vc143.pdb
e:\курсачкпо\tds-2022\tds-2022\debug\vc143.idb
e:\курсачкпо\tds-2022\tds-2022\debug\tds-2022.obj
e:\курсачкпо\tds-2022\tds-2022\debug\semantic.obj
e:\курсачкпо\tds-2022\tds-2022\debug\parm.obj
e:\курсачкпо\tds-2022\tds-2022\debug\out.obj
e:\курсачкпо\tds-2022\tds-2022\debug\polishnotation.obj
e:\курсачкпо\tds-2022\tds-2022\debug\mfst.obj
e:\курсачкпо\tds-2022\tds-2022\debug\lt.obj
e:\курсачкпо\tds-2022\tds-2022\debug\log.obj
e:\курсачкпо\tds-2022\tds-2022\debug\it.obj
e:\курсачкпо\tds-2022\tds-2022\debug\in.obj
e:\курсачкпо\tds-2022\tds-2022\debug\grb.obj
e:\курсачкпо\tds-2022\tds-2022\debug\fst.obj
e:\курсачкпо\tds-2022\tds-2022\debug\error.obj
e:\курсачкпо\tds-2022\tds-2022\debug\codegeneration.obj
e:\курсачкпо\tds-2022\tds-2022\debug\tds-2022.ilk
e:\курсачкпо\tds-2022\debug\tds-2022.exe
e:\курсачкпо\tds-2022\debug\tds-2022.pdb
e:\курсачкпо\tds-2022\tds-2022\debug\tds-2022.tlog\cl.command.1.tlog
e:\курсачкпо\tds-2022\tds-2022\debug\tds-2022.tlog\cl.read.1.tlog
e:\курсачкпо\tds-2022\tds-2022\debug\tds-2022.tlog\cl.write.1.tlog
e:\курсачкпо\tds-2022\tds-2022\debug\tds-2022.tlog\link.command.1.tlog
e:\курсачкпо\tds-2022\tds-2022\debug\tds-2022.tlog\link.read.1.tlog
e:\курсачкпо\tds-2022\tds-2022\debug\tds-2022.tlog\link.write.1.tlog
